17:18:38.183 [main] INFO  com.daml.navigator.config.Config$ - Loading SDK config file from /home/ram/Project/daml-template/daml.yaml 
17:18:38.834 [da-ui-backend-akka.actor.default-dispatcher-5] INFO  akka.event.slf4j.Slf4jLogger - Slf4jLogger started 
17:18:39.009 [da-ui-backend-akka.actor.default-dispatcher-9] INFO  c.d.n.store.platform.PlatformStore - Connecting to localhost:6865, using a plaintext connection akkaAddress=akka://da-ui-backend, sourceThread=da-ui-backend-akka.actor.default-dispatcher-6, akkaSource=akka://da-ui-backend/user/$a, sourceActorSystem=da-ui-backend, akkaTimestamp=11:48:39.006UTC
17:18:40.284 [main] INFO  com.daml.navigator.NavigatorBackend$ - DA UI backend server listening on port 7500 
17:18:40.414 [da-ui-backend-akka.actor.default-dispatcher-12] INFO  c.d.n.store.platform.PlatformStore - Time service is not implemented akkaAddress=akka://da-ui-backend, sourceThread=da-ui-backend-akka.actor.default-dispatcher-9, akkaSource=akka://da-ui-backend/user/$a, sourceActorSystem=da-ui-backend, akkaTimestamp=11:48:40.413UTC
17:18:40.418 [da-ui-backend-akka.actor.default-dispatcher-12] INFO  c.d.n.store.platform.PlatformStore - Connected to platform at 'localhost:6865' akkaAddress=akka://da-ui-backend, sourceThread=da-ui-backend-akka.actor.default-dispatcher-9, akkaSource=akka://da-ui-backend/user/$a, sourceActorSystem=da-ui-backend, akkaTimestamp=11:48:40.418UTC
17:18:40.424 [da-ui-backend-akka.actor.default-dispatcher-6] INFO  c.d.n.store.platform.PlatformStore - Starting actor for Elastik akkaAddress=akka://da-ui-backend, sourceThread=da-ui-backend-akka.actor.default-dispatcher-9, akkaSource=akka://da-ui-backend/user/$a, sourceActorSystem=da-ui-backend, akkaTimestamp=11:48:40.424UTC
17:18:43.622 [da-ui-backend-akka.actor.default-dispatcher-8] INFO  c.d.n.store.platform.PlatformStore - Starting actor for Asx akkaAddress=akka://da-ui-backend, sourceThread=da-ui-backend-akka.actor.default-dispatcher-9, akkaSource=akka://da-ui-backend/user/$a, sourceActorSystem=da-ui-backend, akkaTimestamp=11:48:43.620UTC
17:18:43.686 [da-ui-backend-akka.actor.default-dispatcher-6] INFO  c.d.n.store.platform.PlatformStore - Starting actor for Yuling akkaAddress=akka://da-ui-backend, sourceThread=da-ui-backend-akka.actor.default-dispatcher-9, akkaSource=akka://da-ui-backend/user/$a, sourceActorSystem=da-ui-backend, akkaTimestamp=11:48:43.685UTC
17:18:43.797 [da-ui-backend-akka.actor.default-dispatcher-8] INFO  c.d.n.store.platform.PlatformStore - Starting actor for Mohammed akkaAddress=akka://da-ui-backend, sourceThread=da-ui-backend-akka.actor.default-dispatcher-9, akkaSource=akka://da-ui-backend/user/$a, sourceActorSystem=da-ui-backend, akkaTimestamp=11:48:43.796UTC
17:18:43.910 [da-ui-backend-akka.actor.default-dispatcher-8] INFO  c.d.n.store.platform.PlatformStore - Starting actor for Andy akkaAddress=akka://da-ui-backend, sourceThread=da-ui-backend-akka.actor.default-dispatcher-6, akkaSource=akka://da-ui-backend/user/$a, sourceActorSystem=da-ui-backend, akkaTimestamp=11:48:43.910UTC
17:18:46.803 [da-ui-backend-akka.actor.default-dispatcher-6] INFO  c.d.n.s.platform.PlatformSubscriber - Successfully loaded packages [f3a8894cb1c3e35049399d6a7ae98b6669772e31c932afff68e1b3ac36b8f327, c1f1f00558799eec139fb4f4c76f95fb52fa1837a5dd29600baa1c8ed1bdccfd, 733e38d36a2759688a4b2c4cec69d48e7b55ecc8dedc8067b815926c917a182a, bfcd37bd6b84768e86e432f5f6c33e25d9e7724a9d42e33875ff74f6348e733f, 518032f41fd0175461b35ae0c9691e08b4aea55e62915f8360af2cc7a1f2ba6c, 8b58230a4b874368eee876d992bd8a4eee1bd9404d48e46fc5f7251aa38b68f9, cc348d369011362a5190fe96dd1f0dfbc697fdfd10e382b9e9666f0da05961b7, d8c2ae4afe16f0192cfcaa00ee16e0cf68c22020aa81e1ad55f739f5c42516fd, 6839a6d3d430c569b2425e9391717b44ca324b88ba621d597778811b2d05031d, 99a2705ed38c1c26cbb8fe7acf36bbf626668e167a33335de932599219e0a235, 76bf0fd12bd945762a01f8fc5bbcdfa4d0ff20f8762af490f8f41d6237c6524f, e22bce619ae24ca3b8e6519281cb5a33b64b3190cc763248b4c3f9ad5087a92c, d58cf9939847921b2aab78eaa7b427dc4c649d25e6bee3c749ace4c3f52f5c97, 6c2c0667393c5f92f1885163068cd31800d2264eb088eb6fc740e11241b2bf06, d14e08374fc7197d6a0de468c968ae8ba3aadbf9315476fd39071831f5923662, 057eed1fd48c238491b8ea06b9b5bf85a5d4c9275dd3f6183e0e6b01730cc2ba, e491352788e56ca4603acc411ffe1a49fefd76ed8b163af86cf5ee5f4c38645b, 40f452260bef3f29dede136108fc08a88d5a5250310281067087da6f0baddff7, 97b883cd8a2b7f49f90d5d39c981cf6e110cf1f1c64427a28a6d58ec88c43657, f10637342e62c8d6fd7ab9cd750a86dd6f09035d397988e049b0af20c7f5edf5, 8a7806365bbd98d88b4c13832ebfa305f6abaeaf32cfa2b7dd25c4fa489b79fb] akkaAddress=akka://da-ui-backend, sourceThread=da-ui-backend-akka.actor.default-dispatcher-12, akkaSource=akka://da-ui-backend/user/$a/party-Yuling, sourceActorSystem=da-ui-backend, akkaTimestamp=11:48:46.798UTC
17:18:46.803 [da-ui-backend-akka.actor.default-dispatcher-6] INFO  c.d.n.s.platform.PlatformSubscriber - Successfully loaded packages [f3a8894cb1c3e35049399d6a7ae98b6669772e31c932afff68e1b3ac36b8f327, c1f1f00558799eec139fb4f4c76f95fb52fa1837a5dd29600baa1c8ed1bdccfd, 733e38d36a2759688a4b2c4cec69d48e7b55ecc8dedc8067b815926c917a182a, bfcd37bd6b84768e86e432f5f6c33e25d9e7724a9d42e33875ff74f6348e733f, 518032f41fd0175461b35ae0c9691e08b4aea55e62915f8360af2cc7a1f2ba6c, 8b58230a4b874368eee876d992bd8a4eee1bd9404d48e46fc5f7251aa38b68f9, cc348d369011362a5190fe96dd1f0dfbc697fdfd10e382b9e9666f0da05961b7, d8c2ae4afe16f0192cfcaa00ee16e0cf68c22020aa81e1ad55f739f5c42516fd, 6839a6d3d430c569b2425e9391717b44ca324b88ba621d597778811b2d05031d, 99a2705ed38c1c26cbb8fe7acf36bbf626668e167a33335de932599219e0a235, 76bf0fd12bd945762a01f8fc5bbcdfa4d0ff20f8762af490f8f41d6237c6524f, e22bce619ae24ca3b8e6519281cb5a33b64b3190cc763248b4c3f9ad5087a92c, d58cf9939847921b2aab78eaa7b427dc4c649d25e6bee3c749ace4c3f52f5c97, 6c2c0667393c5f92f1885163068cd31800d2264eb088eb6fc740e11241b2bf06, d14e08374fc7197d6a0de468c968ae8ba3aadbf9315476fd39071831f5923662, 057eed1fd48c238491b8ea06b9b5bf85a5d4c9275dd3f6183e0e6b01730cc2ba, e491352788e56ca4603acc411ffe1a49fefd76ed8b163af86cf5ee5f4c38645b, 40f452260bef3f29dede136108fc08a88d5a5250310281067087da6f0baddff7, 97b883cd8a2b7f49f90d5d39c981cf6e110cf1f1c64427a28a6d58ec88c43657, f10637342e62c8d6fd7ab9cd750a86dd6f09035d397988e049b0af20c7f5edf5, 8a7806365bbd98d88b4c13832ebfa305f6abaeaf32cfa2b7dd25c4fa489b79fb] akkaAddress=akka://da-ui-backend, sourceThread=da-ui-backend-akka.actor.default-dispatcher-8, akkaSource=akka://da-ui-backend/user/$a/party-Asx, sourceActorSystem=da-ui-backend, akkaTimestamp=11:48:46.798UTC
17:18:46.803 [da-ui-backend-akka.actor.default-dispatcher-6] INFO  c.d.n.s.platform.PlatformSubscriber - Successfully loaded packages [f3a8894cb1c3e35049399d6a7ae98b6669772e31c932afff68e1b3ac36b8f327, c1f1f00558799eec139fb4f4c76f95fb52fa1837a5dd29600baa1c8ed1bdccfd, 733e38d36a2759688a4b2c4cec69d48e7b55ecc8dedc8067b815926c917a182a, bfcd37bd6b84768e86e432f5f6c33e25d9e7724a9d42e33875ff74f6348e733f, 518032f41fd0175461b35ae0c9691e08b4aea55e62915f8360af2cc7a1f2ba6c, 8b58230a4b874368eee876d992bd8a4eee1bd9404d48e46fc5f7251aa38b68f9, cc348d369011362a5190fe96dd1f0dfbc697fdfd10e382b9e9666f0da05961b7, d8c2ae4afe16f0192cfcaa00ee16e0cf68c22020aa81e1ad55f739f5c42516fd, 6839a6d3d430c569b2425e9391717b44ca324b88ba621d597778811b2d05031d, 99a2705ed38c1c26cbb8fe7acf36bbf626668e167a33335de932599219e0a235, 76bf0fd12bd945762a01f8fc5bbcdfa4d0ff20f8762af490f8f41d6237c6524f, e22bce619ae24ca3b8e6519281cb5a33b64b3190cc763248b4c3f9ad5087a92c, d58cf9939847921b2aab78eaa7b427dc4c649d25e6bee3c749ace4c3f52f5c97, 6c2c0667393c5f92f1885163068cd31800d2264eb088eb6fc740e11241b2bf06, d14e08374fc7197d6a0de468c968ae8ba3aadbf9315476fd39071831f5923662, 057eed1fd48c238491b8ea06b9b5bf85a5d4c9275dd3f6183e0e6b01730cc2ba, e491352788e56ca4603acc411ffe1a49fefd76ed8b163af86cf5ee5f4c38645b, 40f452260bef3f29dede136108fc08a88d5a5250310281067087da6f0baddff7, 97b883cd8a2b7f49f90d5d39c981cf6e110cf1f1c64427a28a6d58ec88c43657, f10637342e62c8d6fd7ab9cd750a86dd6f09035d397988e049b0af20c7f5edf5, 8a7806365bbd98d88b4c13832ebfa305f6abaeaf32cfa2b7dd25c4fa489b79fb] akkaAddress=akka://da-ui-backend, sourceThread=da-ui-backend-akka.actor.default-dispatcher-7, akkaSource=akka://da-ui-backend/user/$a/party-Elastik, sourceActorSystem=da-ui-backend, akkaTimestamp=11:48:46.798UTC
17:18:46.803 [da-ui-backend-akka.actor.default-dispatcher-6] INFO  c.d.n.s.platform.PlatformSubscriber - Successfully loaded packages [f3a8894cb1c3e35049399d6a7ae98b6669772e31c932afff68e1b3ac36b8f327, c1f1f00558799eec139fb4f4c76f95fb52fa1837a5dd29600baa1c8ed1bdccfd, 733e38d36a2759688a4b2c4cec69d48e7b55ecc8dedc8067b815926c917a182a, bfcd37bd6b84768e86e432f5f6c33e25d9e7724a9d42e33875ff74f6348e733f, 518032f41fd0175461b35ae0c9691e08b4aea55e62915f8360af2cc7a1f2ba6c, 8b58230a4b874368eee876d992bd8a4eee1bd9404d48e46fc5f7251aa38b68f9, cc348d369011362a5190fe96dd1f0dfbc697fdfd10e382b9e9666f0da05961b7, d8c2ae4afe16f0192cfcaa00ee16e0cf68c22020aa81e1ad55f739f5c42516fd, 6839a6d3d430c569b2425e9391717b44ca324b88ba621d597778811b2d05031d, 99a2705ed38c1c26cbb8fe7acf36bbf626668e167a33335de932599219e0a235, 76bf0fd12bd945762a01f8fc5bbcdfa4d0ff20f8762af490f8f41d6237c6524f, e22bce619ae24ca3b8e6519281cb5a33b64b3190cc763248b4c3f9ad5087a92c, d58cf9939847921b2aab78eaa7b427dc4c649d25e6bee3c749ace4c3f52f5c97, 6c2c0667393c5f92f1885163068cd31800d2264eb088eb6fc740e11241b2bf06, d14e08374fc7197d6a0de468c968ae8ba3aadbf9315476fd39071831f5923662, 057eed1fd48c238491b8ea06b9b5bf85a5d4c9275dd3f6183e0e6b01730cc2ba, e491352788e56ca4603acc411ffe1a49fefd76ed8b163af86cf5ee5f4c38645b, 40f452260bef3f29dede136108fc08a88d5a5250310281067087da6f0baddff7, 97b883cd8a2b7f49f90d5d39c981cf6e110cf1f1c64427a28a6d58ec88c43657, f10637342e62c8d6fd7ab9cd750a86dd6f09035d397988e049b0af20c7f5edf5, 8a7806365bbd98d88b4c13832ebfa305f6abaeaf32cfa2b7dd25c4fa489b79fb] akkaAddress=akka://da-ui-backend, sourceThread=da-ui-backend-akka.actor.default-dispatcher-9, akkaSource=akka://da-ui-backend/user/$a/party-Mohammed, sourceActorSystem=da-ui-backend, akkaTimestamp=11:48:46.801UTC
17:18:46.806 [da-ui-backend-akka.actor.default-dispatcher-11] INFO  c.d.n.s.platform.PlatformSubscriber - Successfully loaded packages [f3a8894cb1c3e35049399d6a7ae98b6669772e31c932afff68e1b3ac36b8f327, c1f1f00558799eec139fb4f4c76f95fb52fa1837a5dd29600baa1c8ed1bdccfd, 733e38d36a2759688a4b2c4cec69d48e7b55ecc8dedc8067b815926c917a182a, bfcd37bd6b84768e86e432f5f6c33e25d9e7724a9d42e33875ff74f6348e733f, 518032f41fd0175461b35ae0c9691e08b4aea55e62915f8360af2cc7a1f2ba6c, 8b58230a4b874368eee876d992bd8a4eee1bd9404d48e46fc5f7251aa38b68f9, cc348d369011362a5190fe96dd1f0dfbc697fdfd10e382b9e9666f0da05961b7, d8c2ae4afe16f0192cfcaa00ee16e0cf68c22020aa81e1ad55f739f5c42516fd, 6839a6d3d430c569b2425e9391717b44ca324b88ba621d597778811b2d05031d, 99a2705ed38c1c26cbb8fe7acf36bbf626668e167a33335de932599219e0a235, 76bf0fd12bd945762a01f8fc5bbcdfa4d0ff20f8762af490f8f41d6237c6524f, e22bce619ae24ca3b8e6519281cb5a33b64b3190cc763248b4c3f9ad5087a92c, d58cf9939847921b2aab78eaa7b427dc4c649d25e6bee3c749ace4c3f52f5c97, 6c2c0667393c5f92f1885163068cd31800d2264eb088eb6fc740e11241b2bf06, d14e08374fc7197d6a0de468c968ae8ba3aadbf9315476fd39071831f5923662, 057eed1fd48c238491b8ea06b9b5bf85a5d4c9275dd3f6183e0e6b01730cc2ba, e491352788e56ca4603acc411ffe1a49fefd76ed8b163af86cf5ee5f4c38645b, 40f452260bef3f29dede136108fc08a88d5a5250310281067087da6f0baddff7, 97b883cd8a2b7f49f90d5d39c981cf6e110cf1f1c64427a28a6d58ec88c43657, f10637342e62c8d6fd7ab9cd750a86dd6f09035d397988e049b0af20c7f5edf5, 8a7806365bbd98d88b4c13832ebfa305f6abaeaf32cfa2b7dd25c4fa489b79fb] akkaAddress=akka://da-ui-backend, sourceThread=da-ui-backend-akka.actor.default-dispatcher-11, akkaSource=akka://da-ui-backend/user/$a/party-Andy, sourceActorSystem=da-ui-backend, akkaTimestamp=11:48:46.805UTC
19:37:39.246 [da-ui-backend-akka.actor.default-dispatcher-5] WARN  c.d.l.c.s.c.CommandTrackerFlow$ - Completion Stream failed with an error. Trying to recover in 1 second .. 
io.grpc.StatusRuntimeException: UNAVAILABLE: Channel shutdownNow invoked
	at io.grpc.Status.asRuntimeException(Status.java:534)
	at io.grpc.stub.ClientCalls$StreamObserverToCallListenerAdapter.onClose(ClientCalls.java:478)
	at io.grpc.internal.ClientCallImpl.closeObserver(ClientCallImpl.java:553)
	at io.grpc.internal.ClientCallImpl.access$300(ClientCallImpl.java:68)
	at io.grpc.internal.ClientCallImpl$ClientStreamListenerImpl$1StreamClosed.runInternal(ClientCallImpl.java:739)
	at io.grpc.internal.ClientCallImpl$ClientStreamListenerImpl$1StreamClosed.runInContext(ClientCallImpl.java:718)
	at io.grpc.internal.ContextRunnable.run(ContextRunnable.java:37)
	at io.grpc.internal.SerializingExecutor.run(SerializingExecutor.java:123)
	at java.util.concurrent.ThreadPoolExecutor.runWorker(ThreadPoolExecutor.java:1149)
	at java.util.concurrent.ThreadPoolExecutor$Worker.run(ThreadPoolExecutor.java:624)
	at java.lang.Thread.run(Thread.java:748)
19:37:39.247 [da-ui-backend-akka.actor.default-dispatcher-6] ERROR akka.stream.Materializer - [completion at client] Upstream failed. akkaAddress=akka://da-ui-backend, sourceThread=da-ui-backend-akka.actor.default-dispatcher-5, akkaSource=akka.stream.Log(akka://da-ui-backend/system/Materializers/StreamSupervisor-3), sourceActorSystem=da-ui-backend, akkaTimestamp=14:07:39.214UTC
io.grpc.StatusRuntimeException: UNAVAILABLE: Channel shutdownNow invoked
	at io.grpc.Status.asRuntimeException(Status.java:534)
	at io.grpc.stub.ClientCalls$StreamObserverToCallListenerAdapter.onClose(ClientCalls.java:478)
	at io.grpc.internal.ClientCallImpl.closeObserver(ClientCallImpl.java:553)
	at io.grpc.internal.ClientCallImpl.access$300(ClientCallImpl.java:68)
	at io.grpc.internal.ClientCallImpl$ClientStreamListenerImpl$1StreamClosed.runInternal(ClientCallImpl.java:739)
	at io.grpc.internal.ClientCallImpl$ClientStreamListenerImpl$1StreamClosed.runInContext(ClientCallImpl.java:718)
	at io.grpc.internal.ContextRunnable.run(ContextRunnable.java:37)
	at io.grpc.internal.SerializingExecutor.run(SerializingExecutor.java:123)
	at java.util.concurrent.ThreadPoolExecutor.runWorker(ThreadPoolExecutor.java:1149)
	at java.util.concurrent.ThreadPoolExecutor$Worker.run(ThreadPoolExecutor.java:624)
	at java.lang.Thread.run(Thread.java:748)
19:37:39.247 [da-ui-backend-akka.actor.default-dispatcher-6] ERROR akka.stream.Materializer - [completion at client] Upstream failed. akkaAddress=akka://da-ui-backend, sourceThread=da-ui-backend-akka.actor.default-dispatcher-7, akkaSource=akka.stream.Log(akka://da-ui-backend/system/Materializers/StreamSupervisor-6), sourceActorSystem=da-ui-backend, akkaTimestamp=14:07:39.221UTC
io.grpc.StatusRuntimeException: UNAVAILABLE: Channel shutdownNow invoked
	at io.grpc.Status.asRuntimeException(Status.java:534)
	at io.grpc.stub.ClientCalls$StreamObserverToCallListenerAdapter.onClose(ClientCalls.java:478)
	at io.grpc.internal.ClientCallImpl.closeObserver(ClientCallImpl.java:553)
	at io.grpc.internal.ClientCallImpl.access$300(ClientCallImpl.java:68)
	at io.grpc.internal.ClientCallImpl$ClientStreamListenerImpl$1StreamClosed.runInternal(ClientCallImpl.java:739)
	at io.grpc.internal.ClientCallImpl$ClientStreamListenerImpl$1StreamClosed.runInContext(ClientCallImpl.java:718)
	at io.grpc.internal.ContextRunnable.run(ContextRunnable.java:37)
	at io.grpc.internal.SerializingExecutor.run(SerializingExecutor.java:123)
	at java.util.concurrent.ThreadPoolExecutor.runWorker(ThreadPoolExecutor.java:1149)
	at java.util.concurrent.ThreadPoolExecutor$Worker.run(ThreadPoolExecutor.java:624)
	at java.lang.Thread.run(Thread.java:748)
19:37:39.247 [da-ui-backend-akka.actor.default-dispatcher-6] ERROR akka.stream.Materializer - [completion at client] Upstream failed. akkaAddress=akka://da-ui-backend, sourceThread=da-ui-backend-akka.actor.default-dispatcher-11, akkaSource=akka.stream.Log(akka://da-ui-backend/system/Materializers/StreamSupervisor-2), sourceActorSystem=da-ui-backend, akkaTimestamp=14:07:39.223UTC
io.grpc.StatusRuntimeException: UNAVAILABLE: Channel shutdownNow invoked
	at io.grpc.Status.asRuntimeException(Status.java:534)
	at io.grpc.stub.ClientCalls$StreamObserverToCallListenerAdapter.onClose(ClientCalls.java:478)
	at io.grpc.internal.ClientCallImpl.closeObserver(ClientCallImpl.java:553)
	at io.grpc.internal.ClientCallImpl.access$300(ClientCallImpl.java:68)
	at io.grpc.internal.ClientCallImpl$ClientStreamListenerImpl$1StreamClosed.runInternal(ClientCallImpl.java:739)
	at io.grpc.internal.ClientCallImpl$ClientStreamListenerImpl$1StreamClosed.runInContext(ClientCallImpl.java:718)
	at io.grpc.internal.ContextRunnable.run(ContextRunnable.java:37)
	at io.grpc.internal.SerializingExecutor.run(SerializingExecutor.java:123)
	at java.util.concurrent.ThreadPoolExecutor.runWorker(ThreadPoolExecutor.java:1149)
	at java.util.concurrent.ThreadPoolExecutor$Worker.run(ThreadPoolExecutor.java:624)
	at java.lang.Thread.run(Thread.java:748)
19:37:39.248 [da-ui-backend-akka.actor.default-dispatcher-7] WARN  c.d.l.c.s.c.CommandTrackerFlow$ - Completion Stream failed with an error. Trying to recover in 1 second .. 
io.grpc.StatusRuntimeException: UNAVAILABLE: Channel shutdownNow invoked
	at io.grpc.Status.asRuntimeException(Status.java:534)
	at io.grpc.stub.ClientCalls$StreamObserverToCallListenerAdapter.onClose(ClientCalls.java:478)
	at io.grpc.internal.ClientCallImpl.closeObserver(ClientCallImpl.java:553)
	at io.grpc.internal.ClientCallImpl.access$300(ClientCallImpl.java:68)
	at io.grpc.internal.ClientCallImpl$ClientStreamListenerImpl$1StreamClosed.runInternal(ClientCallImpl.java:739)
	at io.grpc.internal.ClientCallImpl$ClientStreamListenerImpl$1StreamClosed.runInContext(ClientCallImpl.java:718)
	at io.grpc.internal.ContextRunnable.run(ContextRunnable.java:37)
	at io.grpc.internal.SerializingExecutor.run(SerializingExecutor.java:123)
	at java.util.concurrent.ThreadPoolExecutor.runWorker(ThreadPoolExecutor.java:1149)
	at java.util.concurrent.ThreadPoolExecutor$Worker.run(ThreadPoolExecutor.java:624)
	at java.lang.Thread.run(Thread.java:748)
19:37:39.248 [da-ui-backend-akka.actor.default-dispatcher-11] WARN  c.d.l.c.s.c.CommandTrackerFlow$ - Completion Stream failed with an error. Trying to recover in 1 second .. 
io.grpc.StatusRuntimeException: UNAVAILABLE: Channel shutdownNow invoked
	at io.grpc.Status.asRuntimeException(Status.java:534)
	at io.grpc.stub.ClientCalls$StreamObserverToCallListenerAdapter.onClose(ClientCalls.java:478)
	at io.grpc.internal.ClientCallImpl.closeObserver(ClientCallImpl.java:553)
	at io.grpc.internal.ClientCallImpl.access$300(ClientCallImpl.java:68)
	at io.grpc.internal.ClientCallImpl$ClientStreamListenerImpl$1StreamClosed.runInternal(ClientCallImpl.java:739)
	at io.grpc.internal.ClientCallImpl$ClientStreamListenerImpl$1StreamClosed.runInContext(ClientCallImpl.java:718)
	at io.grpc.internal.ContextRunnable.run(ContextRunnable.java:37)
	at io.grpc.internal.SerializingExecutor.run(SerializingExecutor.java:123)
	at java.util.concurrent.ThreadPoolExecutor.runWorker(ThreadPoolExecutor.java:1149)
	at java.util.concurrent.ThreadPoolExecutor$Worker.run(ThreadPoolExecutor.java:624)
	at java.lang.Thread.run(Thread.java:748)
19:37:39.251 [da-ui-backend-akka.actor.default-dispatcher-10] ERROR akka.stream.Materializer - [completion at client] Upstream failed. akkaAddress=akka://da-ui-backend, sourceThread=da-ui-backend-akka.actor.default-dispatcher-9, akkaSource=akka.stream.Log(akka://da-ui-backend/system/Materializers/StreamSupervisor-4), sourceActorSystem=da-ui-backend, akkaTimestamp=14:07:39.249UTC
io.grpc.StatusRuntimeException: UNAVAILABLE: Channel shutdownNow invoked
	at io.grpc.Status.asRuntimeException(Status.java:534)
	at io.grpc.stub.ClientCalls$StreamObserverToCallListenerAdapter.onClose(ClientCalls.java:478)
	at io.grpc.internal.ClientCallImpl.closeObserver(ClientCallImpl.java:553)
	at io.grpc.internal.ClientCallImpl.access$300(ClientCallImpl.java:68)
	at io.grpc.internal.ClientCallImpl$ClientStreamListenerImpl$1StreamClosed.runInternal(ClientCallImpl.java:739)
	at io.grpc.internal.ClientCallImpl$ClientStreamListenerImpl$1StreamClosed.runInContext(ClientCallImpl.java:718)
	at io.grpc.internal.ContextRunnable.run(ContextRunnable.java:37)
	at io.grpc.internal.SerializingExecutor.run(SerializingExecutor.java:123)
	at java.util.concurrent.ThreadPoolExecutor.runWorker(ThreadPoolExecutor.java:1149)
	at java.util.concurrent.ThreadPoolExecutor$Worker.run(ThreadPoolExecutor.java:624)
	at java.lang.Thread.run(Thread.java:748)
19:37:39.251 [da-ui-backend-akka.actor.default-dispatcher-9] WARN  c.d.l.c.s.c.CommandTrackerFlow$ - Completion Stream failed with an error. Trying to recover in 1 second .. 
io.grpc.StatusRuntimeException: UNAVAILABLE: Channel shutdownNow invoked
	at io.grpc.Status.asRuntimeException(Status.java:534)
	at io.grpc.stub.ClientCalls$StreamObserverToCallListenerAdapter.onClose(ClientCalls.java:478)
	at io.grpc.internal.ClientCallImpl.closeObserver(ClientCallImpl.java:553)
	at io.grpc.internal.ClientCallImpl.access$300(ClientCallImpl.java:68)
	at io.grpc.internal.ClientCallImpl$ClientStreamListenerImpl$1StreamClosed.runInternal(ClientCallImpl.java:739)
	at io.grpc.internal.ClientCallImpl$ClientStreamListenerImpl$1StreamClosed.runInContext(ClientCallImpl.java:718)
	at io.grpc.internal.ContextRunnable.run(ContextRunnable.java:37)
	at io.grpc.internal.SerializingExecutor.run(SerializingExecutor.java:123)
	at java.util.concurrent.ThreadPoolExecutor.runWorker(ThreadPoolExecutor.java:1149)
	at java.util.concurrent.ThreadPoolExecutor$Worker.run(ThreadPoolExecutor.java:624)
	at java.lang.Thread.run(Thread.java:748)
19:37:39.251 [da-ui-backend-akka.actor.default-dispatcher-8] WARN  c.d.l.c.s.c.CommandTrackerFlow$ - Completion Stream failed with an error. Trying to recover in 1 second .. 
io.grpc.StatusRuntimeException: UNAVAILABLE: Channel shutdownNow invoked
	at io.grpc.Status.asRuntimeException(Status.java:534)
	at io.grpc.stub.ClientCalls$StreamObserverToCallListenerAdapter.onClose(ClientCalls.java:478)
	at io.grpc.internal.ClientCallImpl.closeObserver(ClientCallImpl.java:553)
	at io.grpc.internal.ClientCallImpl.access$300(ClientCallImpl.java:68)
	at io.grpc.internal.ClientCallImpl$ClientStreamListenerImpl$1StreamClosed.runInternal(ClientCallImpl.java:739)
	at io.grpc.internal.ClientCallImpl$ClientStreamListenerImpl$1StreamClosed.runInContext(ClientCallImpl.java:718)
	at io.grpc.internal.ContextRunnable.run(ContextRunnable.java:37)
	at io.grpc.internal.SerializingExecutor.run(SerializingExecutor.java:123)
	at java.util.concurrent.ThreadPoolExecutor.runWorker(ThreadPoolExecutor.java:1149)
	at java.util.concurrent.ThreadPoolExecutor$Worker.run(ThreadPoolExecutor.java:624)
	at java.lang.Thread.run(Thread.java:748)
19:37:39.251 [da-ui-backend-akka.actor.default-dispatcher-12] ERROR akka.stream.Materializer - [completion at client] Upstream failed. akkaAddress=akka://da-ui-backend, sourceThread=da-ui-backend-akka.actor.default-dispatcher-8, akkaSource=akka.stream.Log(akka://da-ui-backend/system/Materializers/StreamSupervisor-5), sourceActorSystem=da-ui-backend, akkaTimestamp=14:07:39.251UTC
io.grpc.StatusRuntimeException: UNAVAILABLE: Channel shutdownNow invoked
	at io.grpc.Status.asRuntimeException(Status.java:534)
	at io.grpc.stub.ClientCalls$StreamObserverToCallListenerAdapter.onClose(ClientCalls.java:478)
	at io.grpc.internal.ClientCallImpl.closeObserver(ClientCallImpl.java:553)
	at io.grpc.internal.ClientCallImpl.access$300(ClientCallImpl.java:68)
	at io.grpc.internal.ClientCallImpl$ClientStreamListenerImpl$1StreamClosed.runInternal(ClientCallImpl.java:739)
	at io.grpc.internal.ClientCallImpl$ClientStreamListenerImpl$1StreamClosed.runInContext(ClientCallImpl.java:718)
	at io.grpc.internal.ContextRunnable.run(ContextRunnable.java:37)
	at io.grpc.internal.SerializingExecutor.run(SerializingExecutor.java:123)
	at java.util.concurrent.ThreadPoolExecutor.runWorker(ThreadPoolExecutor.java:1149)
	at java.util.concurrent.ThreadPoolExecutor$Worker.run(ThreadPoolExecutor.java:624)
	at java.lang.Thread.run(Thread.java:748)
19:37:39.286 [da-ui-backend-akka.actor.default-dispatcher-6] WARN  akka.actor.CoordinatedShutdown - Could not addJvmShutdownHook, due to: Shutdown in progress akkaAddress=akka://da-ui-backend, sourceThread=shutdownHook2, akkaSource=CoordinatedShutdown(akka://da-ui-backend), sourceActorSystem=da-ui-backend, akkaTimestamp=14:07:39.282UTC
